Fallo en la ejecuci贸n de la sentencia sql: 0 2020-06-26 04-47 
Fallo en la ejecuci贸n de la sentencia sql: 0 2020-06-26 04-47 
Fallo en la ejecuci贸n de la sentencia sql: 0 2020-06-26 04-53 
Fallo en la ejecuci贸n de la sentencia sql: 0 2020-06-26 04-59 
Fallo conexion en la base de datos: 0 2020-06-26 05-07 
Fallo conexion en la base de datos: 0 2020-06-26 05-07 
Fallo conexion en la base de datos: 0<br> 2020-06-26 05-09<br> 
Fallo conexion en la base de datos: 0
 2020-06-26 05-10
 
Fallo en la ejecucion de la sentencia sql: 0
 2020-06-26 05-12
 
Fallo en la ejecucion de la sentencia sql: 0
 2020-06-26 05-12
 
Fallo en la ejecucion de la sentencia sql: 0
 2020-06-26 05-30
 
Fallo en la ejecucion de la sentencia sql: 0
 2020-06-26 05-30
 
Fallo en la ejecucion de la sentencia sql: 0
 2020-06-26 05-32
 
Fallo en la ejecucion de la sentencia sql: 0
 2020-06-26 05-33
 
Fallo en la ejecucion de la sentencia sql: 0
 2020-06-26 05-35
 
Fallo en la ejecucion de la sentencia sql: 0
 2020-06-26 05-35
 
Fallo en la ejecucion de la sentencia sql: 0
 2020-06-26 05-35
 
Fallo en la ejecucion de la sentencia sql: 0
 2020-06-26 21-56
 
Fallo en la ejecucion de la sentencia sql: 0
 2020-07-01 23-56
 
Fallo en la ejecucion de la sentencia sql: 0
 2020-07-01 23-59
 
Fallo en la ejecucion de la sentencia sql: 0
 2020-07-02 01-24
 
Fallo en la ejecucion de la sentencia sql: 0
 2020-07-02 01-25
 
